D:\DROPBOX\HARVARD\JUNIOR\CS175\ASST1\ASST1\DEBUG\GLSUPPORT.OBJ
D:\DROPBOX\HARVARD\JUNIOR\CS175\ASST1\ASST1\DEBUG\PPM.OBJ
D:\DROPBOX\HARVARD\JUNIOR\CS175\ASST1\ASST1\DEBUG\ASST1.OBJ
D:\DROPBOX\HARVARD\JUNIOR\CS175\ASST1\ASST1\DEBUG\VC110.PDB
D:\DROPBOX\HARVARD\JUNIOR\CS175\ASST1\ASST1\DEBUG\ASST1.ILK
D:\DROPBOX\HARVARD\JUNIOR\CS175\ASST1\ASST1\DEBUG\ASST1.EXE
D:\DROPBOX\HARVARD\JUNIOR\CS175\ASST1\ASST1\DEBUG\ASST1.PDB
D:\Dropbox\HARVARD\Junior\CS175\asst1\asst1\Debug\asst1.obj
D:\Dropbox\HARVARD\Junior\CS175\asst1\asst1\Debug\glsupport.obj
D:\Dropbox\HARVARD\Junior\CS175\asst1\asst1\Debug\ppm.obj
D:\Dropbox\HARVARD\Junior\CS175\asst1\asst1\Debug\asst1.ilk
D:\Dropbox\HARVARD\Junior\CS175\asst1\asst1\Debug\cl.command.1.tlog
D:\Dropbox\HARVARD\Junior\CS175\asst1\asst1\Debug\CL.read.1.tlog
D:\Dropbox\HARVARD\Junior\CS175\asst1\asst1\Debug\CL.write.1.tlog
D:\Dropbox\HARVARD\Junior\CS175\asst1\asst1\Debug\link-cvtres.read.1.tlog
D:\Dropbox\HARVARD\Junior\CS175\asst1\asst1\Debug\link-cvtres.write.1.tlog
D:\Dropbox\HARVARD\Junior\CS175\asst1\asst1\Debug\link-rc.read.1.tlog
D:\Dropbox\HARVARD\Junior\CS175\asst1\asst1\Debug\link-rc.write.1.tlog
D:\Dropbox\HARVARD\Junior\CS175\asst1\asst1\Debug\link.command.1.tlog
D:\Dropbox\HARVARD\Junior\CS175\asst1\asst1\Debug\link.read.1.tlog
D:\Dropbox\HARVARD\Junior\CS175\asst1\asst1\Debug\link.write.1.tlog
D:\Dropbox\HARVARD\Junior\CS175\asst1\asst1\Debug\vc110.idb
D:\Dropbox\HARVARD\Junior\CS175\asst1\asst1\Debug\asst1.pdb
D:\Dropbox\HARVARD\Junior\CS175\asst1\asst1\Debug\vc110.pdb
D:\Dropbox\HARVARD\Junior\CS175\asst1\asst1\./Debug\asst1.exe
